Determining if the function sgemm_ exists failed with the following output:
Change Dir: /home/roberto/ros2_ws/src/ov2slam/Thirdparty/ceres-solver/build/CMakeFiles/CMakeTmp

Run Build Command(s):/usr/bin/gmake -f Makefile cmTC_18cc9/fast && /usr/bin/gmake  -f CMakeFiles/cmTC_18cc9.dir/build.make CMakeFiles/cmTC_18cc9.dir/build
gmake[1]: se entra en el directorio '/home/roberto/ros2_ws/src/ov2slam/Thirdparty/ceres-solver/build/CMakeFiles/CMakeTmp'
Building C object CMakeFiles/cmTC_18cc9.dir/CheckFunctionExists.c.o
/usr/bin/cc   -DCHECK_FUNCTION_EXISTS=sgemm_ -o CMakeFiles/cmTC_18cc9.dir/CheckFunctionExists.c.o -c /usr/share/cmake-3.22/Modules/CheckFunctionExists.c
Linking C executable cmTC_18cc9
/usr/bin/cmake -E cmake_link_script CMakeFiles/cmTC_18cc9.dir/link.txt --verbose=1
/usr/bin/cc  -DCHECK_FUNCTION_EXISTS=sgemm_ CMakeFiles/cmTC_18cc9.dir/CheckFunctionExists.c.o -o cmTC_18cc9 
/usr/bin/ld: CMakeFiles/cmTC_18cc9.dir/CheckFunctionExists.c.o: en la función `main':
CheckFunctionExists.c:(.text+0x14): referencia a `sgemm_' sin definir
collect2: error: ld returned 1 exit status
gmake[1]: *** [CMakeFiles/cmTC_18cc9.dir/build.make:99: cmTC_18cc9] Error 1
gmake[1]: se sale del directorio '/home/roberto/ros2_ws/src/ov2slam/Thirdparty/ceres-solver/build/CMakeFiles/CMakeTmp'
gmake: *** [Makefile:127: cmTC_18cc9/fast] Error 2



Determining if the function cheev_ exists failed with the following output:
Change Dir: /home/roberto/ros2_ws/src/ov2slam/Thirdparty/ceres-solver/build/CMakeFiles/CMakeTmp

Run Build Command(s):/usr/bin/gmake -f Makefile cmTC_74140/fast && /usr/bin/gmake  -f CMakeFiles/cmTC_74140.dir/build.make CMakeFiles/cmTC_74140.dir/build
gmake[1]: se entra en el directorio '/home/roberto/ros2_ws/src/ov2slam/Thirdparty/ceres-solver/build/CMakeFiles/CMakeTmp'
Building C object CMakeFiles/cmTC_74140.dir/CheckFunctionExists.c.o
/usr/bin/cc   -DCHECK_FUNCTION_EXISTS=cheev_ -o CMakeFiles/cmTC_74140.dir/CheckFunctionExists.c.o -c /usr/share/cmake-3.22/Modules/CheckFunctionExists.c
Linking C executable cmTC_74140
/usr/bin/cmake -E cmake_link_script CMakeFiles/cmTC_74140.dir/link.txt --verbose=1
/usr/bin/cc  -DCHECK_FUNCTION_EXISTS=cheev_ CMakeFiles/cmTC_74140.dir/CheckFunctionExists.c.o -o cmTC_74140  /usr/lib/x86_64-linux-gnu/libblas.so /usr/lib/x86_64-linux-gnu/libf77blas.so /usr/lib/x86_64-linux-gnu/libatlas.so -lm -ldl 
/usr/bin/ld: CMakeFiles/cmTC_74140.dir/CheckFunctionExists.c.o: en la función `main':
CheckFunctionExists.c:(.text+0x14): referencia a `cheev_' sin definir
collect2: error: ld returned 1 exit status
gmake[1]: *** [CMakeFiles/cmTC_74140.dir/build.make:102: cmTC_74140] Error 1
gmake[1]: se sale del directorio '/home/roberto/ros2_ws/src/ov2slam/Thirdparty/ceres-solver/build/CMakeFiles/CMakeTmp'
gmake: *** [Makefile:127: cmTC_74140/fast] Error 2



Determining if the function cheev_ exists failed with the following output:
Change Dir: /home/roberto/ros2_ws/src/ov2slam/Thirdparty/ceres-solver/build/CMakeFiles/CMakeTmp

Run Build Command(s):/usr/bin/gmake -f Makefile cmTC_40d1b/fast && /usr/bin/gmake  -f CMakeFiles/cmTC_40d1b.dir/build.make CMakeFiles/cmTC_40d1b.dir/build
gmake[1]: se entra en el directorio '/home/roberto/ros2_ws/src/ov2slam/Thirdparty/ceres-solver/build/CMakeFiles/CMakeTmp'
Building C object CMakeFiles/cmTC_40d1b.dir/CheckFunctionExists.c.o
/usr/bin/cc   -DCHECK_FUNCTION_EXISTS=cheev_ -o CMakeFiles/cmTC_40d1b.dir/CheckFunctionExists.c.o -c /usr/share/cmake-3.22/Modules/CheckFunctionExists.c
Linking C executable cmTC_40d1b
/usr/bin/cmake -E cmake_link_script CMakeFiles/cmTC_40d1b.dir/link.txt --verbose=1
/usr/bin/cc  -DCHECK_FUNCTION_EXISTS=cheev_ CMakeFiles/cmTC_40d1b.dir/CheckFunctionExists.c.o -o cmTC_40d1b  /usr/lib/x86_64-linux-gnu/liblapack.so /usr/lib/x86_64-linux-gnu/libblas.so /usr/lib/x86_64-linux-gnu/libf77blas.so /usr/lib/x86_64-linux-gnu/libatlas.so -fortranlibs 
cc: error: unrecognized command-line option ‘-fortranlibs’
gmake[1]: *** [CMakeFiles/cmTC_40d1b.dir/build.make:103: cmTC_40d1b] Error 1
gmake[1]: se sale del directorio '/home/roberto/ros2_ws/src/ov2slam/Thirdparty/ceres-solver/build/CMakeFiles/CMakeTmp'
gmake: *** [Makefile:127: cmTC_40d1b/fast] Error 2



